{
	"C:\\Users\\mollik\\Projects\\sd-jwt-veramo\\src\\index.ts": {
		"path": "C:\\Users\\mollik\\Projects\\sd-jwt-veramo\\src\\index.ts",
		"all": false,
		"statementMap": {
			"0": {
				"start": { "line": 1, "column": 0 },
				"end": { "line": 1, "column": 3 }
			},
			"1": {
				"start": { "line": 2, "column": 0 },
				"end": { "line": 2, "column": 10 }
			},
			"2": {
				"start": { "line": 3, "column": 0 },
				"end": { "line": 3, "column": 3 }
			},
			"3": {
				"start": { "line": 4, "column": 0 },
				"end": { "line": 4, "column": 60 }
			},
			"4": {
				"start": { "line": 5, "column": 0 },
				"end": { "line": 5, "column": 40 }
			}
		},
		"s": { "0": 1, "1": 1, "2": 1, "3": 1, "4": 1 },
		"branchMap": {},
		"b": {},
		"fnMap": {},
		"f": {}
	},
	"C:\\Users\\mollik\\Projects\\sd-jwt-veramo\\src\\agent-plugin\\SDJwtPlugin.ts": {
		"path": "C:\\Users\\mollik\\Projects\\sd-jwt-veramo\\src\\agent-plugin\\SDJwtPlugin.ts",
		"all": false,
		"statementMap": {
			"0": {
				"start": { "line": 1, "column": 0 },
				"end": { "line": 1, "column": 52 }
			},
			"1": {
				"start": { "line": 2, "column": 0 },
				"end": { "line": 2, "column": 72 }
			},
			"2": {
				"start": { "line": 3, "column": 0 },
				"end": { "line": 3, "column": 69 }
			},
			"3": {
				"start": { "line": 4, "column": 0 },
				"end": { "line": 4, "column": 46 }
			},
			"4": {
				"start": { "line": 5, "column": 0 },
				"end": { "line": 5, "column": 67 }
			},
			"5": {
				"start": { "line": 6, "column": 0 },
				"end": { "line": 6, "column": 8 }
			},
			"6": {
				"start": { "line": 7, "column": 0 },
				"end": { "line": 7, "column": 39 }
			},
			"7": {
				"start": { "line": 8, "column": 0 },
				"end": { "line": 8, "column": 41 }
			},
			"8": {
				"start": { "line": 9, "column": 0 },
				"end": { "line": 9, "column": 41 }
			},
			"9": {
				"start": { "line": 10, "column": 0 },
				"end": { "line": 10, "column": 43 }
			},
			"10": {
				"start": { "line": 11, "column": 0 },
				"end": { "line": 11, "column": 19 }
			},
			"11": {
				"start": { "line": 12, "column": 0 },
				"end": { "line": 12, "column": 15 }
			},
			"12": {
				"start": { "line": 13, "column": 0 },
				"end": { "line": 13, "column": 39 }
			},
			"13": {
				"start": { "line": 14, "column": 0 },
				"end": { "line": 14, "column": 41 }
			},
			"14": {
				"start": { "line": 15, "column": 0 },
				"end": { "line": 15, "column": 41 }
			},
			"15": {
				"start": { "line": 16, "column": 0 },
				"end": { "line": 16, "column": 43 }
			},
			"16": {
				"start": { "line": 17, "column": 0 },
				"end": { "line": 17, "column": 34 }
			},
			"17": {
				"start": { "line": 18, "column": 0 },
				"end": { "line": 18, "column": 0 }
			},
			"18": {
				"start": { "line": 19, "column": 0 },
				"end": { "line": 19, "column": 31 }
			},
			"19": {
				"start": { "line": 20, "column": 0 },
				"end": { "line": 20, "column": 32 }
			},
			"20": {
				"start": { "line": 21, "column": 0 },
				"end": { "line": 21, "column": 17 }
			},
			"21": {
				"start": { "line": 22, "column": 0 },
				"end": { "line": 22, "column": 20 }
			},
			"22": {
				"start": { "line": 23, "column": 0 },
				"end": { "line": 23, "column": 17 }
			},
			"23": {
				"start": { "line": 24, "column": 0 },
				"end": { "line": 24, "column": 22 }
			},
			"24": {
				"start": { "line": 25, "column": 0 },
				"end": { "line": 25, "column": 25 }
			},
			"25": {
				"start": { "line": 26, "column": 0 },
				"end": { "line": 26, "column": 24 }
			},
			"26": {
				"start": { "line": 27, "column": 0 },
				"end": { "line": 27, "column": 1 }
			},
			"27": {
				"start": { "line": 28, "column": 0 },
				"end": { "line": 28, "column": 0 }
			},
			"28": {
				"start": { "line": 29, "column": 0 },
				"end": { "line": 29, "column": 3 }
			},
			"29": {
				"start": { "line": 30, "column": 0 },
				"end": { "line": 30, "column": 29 }
			},
			"30": {
				"start": { "line": 31, "column": 0 },
				"end": { "line": 31, "column": 8 }
			},
			"31": {
				"start": { "line": 32, "column": 0 },
				"end": { "line": 32, "column": 3 }
			},
			"32": {
				"start": { "line": 33, "column": 0 },
				"end": { "line": 33, "column": 50 }
			},
			"33": {
				"start": { "line": 34, "column": 0 },
				"end": { "line": 34, "column": 40 }
			},
			"34": {
				"start": { "line": 35, "column": 0 },
				"end": { "line": 35, "column": 0 }
			},
			"35": {
				"start": { "line": 36, "column": 0 },
				"end": { "line": 36, "column": 57 }
			},
			"36": {
				"start": { "line": 37, "column": 0 },
				"end": { "line": 37, "column": 0 }
			},
			"37": {
				"start": { "line": 38, "column": 0 },
				"end": { "line": 38, "column": 69 }
			},
			"38": {
				"start": { "line": 39, "column": 0 },
				"end": { "line": 39, "column": 36 }
			},
			"39": {
				"start": { "line": 40, "column": 0 },
				"end": { "line": 40, "column": 36 }
			},
			"40": {
				"start": { "line": 41, "column": 0 },
				"end": { "line": 41, "column": 54 }
			},
			"41": {
				"start": { "line": 42, "column": 0 },
				"end": { "line": 42, "column": 38 }
			},
			"42": {
				"start": { "line": 43, "column": 0 },
				"end": { "line": 43, "column": 56 }
			},
			"43": {
				"start": { "line": 44, "column": 0 },
				"end": { "line": 44, "column": 36 }
			},
			"44": {
				"start": { "line": 45, "column": 0 },
				"end": { "line": 45, "column": 54 }
			},
			"45": {
				"start": { "line": 46, "column": 0 },
				"end": { "line": 46, "column": 38 }
			},
			"46": {
				"start": { "line": 47, "column": 0 },
				"end": { "line": 47, "column": 56 }
			},
			"47": {
				"start": { "line": 48, "column": 0 },
				"end": { "line": 48, "column": 4 }
			},
			"48": {
				"start": { "line": 49, "column": 0 },
				"end": { "line": 49, "column": 0 }
			},
			"49": {
				"start": { "line": 50, "column": 0 },
				"end": { "line": 50, "column": 5 }
			},
			"50": {
				"start": { "line": 51, "column": 0 },
				"end": { "line": 51, "column": 39 }
			},
			"51": {
				"start": { "line": 52, "column": 0 },
				"end": { "line": 52, "column": 79 }
			},
			"52": {
				"start": { "line": 53, "column": 0 },
				"end": { "line": 53, "column": 112 }
			},
			"53": {
				"start": { "line": 54, "column": 0 },
				"end": { "line": 54, "column": 41 }
			},
			"54": {
				"start": { "line": 55, "column": 0 },
				"end": { "line": 55, "column": 5 }
			},
			"55": {
				"start": { "line": 56, "column": 0 },
				"end": { "line": 56, "column": 40 }
			},
			"56": {
				"start": { "line": 57, "column": 0 },
				"end": { "line": 57, "column": 47 }
			},
			"57": {
				"start": { "line": 58, "column": 0 },
				"end": { "line": 58, "column": 29 }
			},
			"58": {
				"start": { "line": 59, "column": 0 },
				"end": { "line": 59, "column": 54 }
			},
			"59": {
				"start": { "line": 60, "column": 0 },
				"end": { "line": 60, "column": 58 }
			},
			"60": {
				"start": { "line": 61, "column": 0 },
				"end": { "line": 61, "column": 29 }
			},
			"61": {
				"start": { "line": 62, "column": 0 },
				"end": { "line": 62, "column": 7 }
			},
			"62": {
				"start": { "line": 63, "column": 0 },
				"end": { "line": 63, "column": 18 }
			},
			"63": {
				"start": { "line": 64, "column": 0 },
				"end": { "line": 64, "column": 79 }
			},
			"64": {
				"start": { "line": 65, "column": 0 },
				"end": { "line": 65, "column": 5 }
			},
			"65": {
				"start": { "line": 66, "column": 0 },
				"end": { "line": 66, "column": 41 }
			},
			"66": {
				"start": { "line": 67, "column": 0 },
				"end": { "line": 67, "column": 22 }
			},
			"67": {
				"start": { "line": 68, "column": 0 },
				"end": { "line": 68, "column": 113 }
			},
			"68": {
				"start": { "line": 69, "column": 0 },
				"end": { "line": 69, "column": 8 }
			},
			"69": {
				"start": { "line": 70, "column": 0 },
				"end": { "line": 70, "column": 5 }
			},
			"70": {
				"start": { "line": 71, "column": 0 },
				"end": { "line": 71, "column": 58 }
			},
			"71": {
				"start": { "line": 72, "column": 0 },
				"end": { "line": 72, "column": 32 }
			},
			"72": {
				"start": { "line": 73, "column": 0 },
				"end": { "line": 73, "column": 7 }
			},
			"73": {
				"start": { "line": 74, "column": 0 },
				"end": { "line": 74, "column": 131 }
			},
			"74": {
				"start": { "line": 75, "column": 0 },
				"end": { "line": 75, "column": 63 }
			},
			"75": {
				"start": { "line": 76, "column": 0 },
				"end": { "line": 76, "column": 62 }
			},
			"76": {
				"start": { "line": 77, "column": 0 },
				"end": { "line": 77, "column": 50 }
			},
			"77": {
				"start": { "line": 78, "column": 0 },
				"end": { "line": 78, "column": 62 }
			},
			"78": {
				"start": { "line": 79, "column": 0 },
				"end": { "line": 79, "column": 0 }
			},
			"79": {
				"start": { "line": 80, "column": 0 },
				"end": { "line": 80, "column": 37 }
			},
			"80": {
				"start": { "line": 81, "column": 0 },
				"end": { "line": 81, "column": 13 }
			},
			"81": {
				"start": { "line": 82, "column": 0 },
				"end": { "line": 82, "column": 37 }
			},
			"82": {
				"start": { "line": 83, "column": 0 },
				"end": { "line": 83, "column": 52 }
			},
			"83": {
				"start": { "line": 84, "column": 0 },
				"end": { "line": 84, "column": 19 }
			},
			"84": {
				"start": { "line": 85, "column": 0 },
				"end": { "line": 85, "column": 25 }
			},
			"85": {
				"start": { "line": 86, "column": 0 },
				"end": { "line": 86, "column": 7 }
			},
			"86": {
				"start": { "line": 87, "column": 0 },
				"end": { "line": 87, "column": 0 }
			},
			"87": {
				"start": { "line": 88, "column": 0 },
				"end": { "line": 88, "column": 41 }
			},
			"88": {
				"start": { "line": 89, "column": 0 },
				"end": { "line": 89, "column": 29 }
			},
			"89": {
				"start": { "line": 90, "column": 0 },
				"end": { "line": 90, "column": 26 }
			},
			"90": {
				"start": { "line": 91, "column": 0 },
				"end": { "line": 91, "column": 6 }
			},
			"91": {
				"start": { "line": 92, "column": 0 },
				"end": { "line": 92, "column": 26 }
			},
			"92": {
				"start": { "line": 93, "column": 0 },
				"end": { "line": 93, "column": 3 }
			},
			"93": {
				"start": { "line": 94, "column": 0 },
				"end": { "line": 94, "column": 0 }
			},
			"94": {
				"start": { "line": 95, "column": 0 },
				"end": { "line": 95, "column": 5 }
			},
			"95": {
				"start": { "line": 96, "column": 0 },
				"end": { "line": 96, "column": 41 }
			},
			"96": {
				"start": { "line": 97, "column": 0 },
				"end": { "line": 97, "column": 81 }
			},
			"97": {
				"start": { "line": 98, "column": 0 },
				"end": { "line": 98, "column": 112 }
			},
			"98": {
				"start": { "line": 99, "column": 0 },
				"end": { "line": 99, "column": 43 }
			},
			"99": {
				"start": { "line": 100, "column": 0 },
				"end": { "line": 100, "column": 5 }
			},
			"100": {
				"start": { "line": 101, "column": 0 },
				"end": { "line": 101, "column": 42 }
			},
			"101": {
				"start": { "line": 102, "column": 0 },
				"end": { "line": 102, "column": 49 }
			},
			"102": {
				"start": { "line": 103, "column": 0 },
				"end": { "line": 103, "column": 29 }
			},
			"103": {
				"start": { "line": 104, "column": 0 },
				"end": { "line": 104, "column": 56 }
			},
			"104": {
				"start": { "line": 105, "column": 0 },
				"end": { "line": 105, "column": 40 }
			},
			"105": {
				"start": { "line": 106, "column": 0 },
				"end": { "line": 106, "column": 24 }
			},
			"106": {
				"start": { "line": 107, "column": 0 },
				"end": { "line": 107, "column": 28 }
			},
			"107": {
				"start": { "line": 108, "column": 0 },
				"end": { "line": 108, "column": 6 }
			},
			"108": {
				"start": { "line": 109, "column": 0 },
				"end": { "line": 109, "column": 41 }
			},
			"109": {
				"start": { "line": 110, "column": 0 },
				"end": { "line": 110, "column": 79 }
			},
			"110": {
				"start": { "line": 111, "column": 0 },
				"end": { "line": 111, "column": 66 }
			},
			"111": {
				"start": { "line": 112, "column": 0 },
				"end": { "line": 112, "column": 0 }
			},
			"112": {
				"start": { "line": 113, "column": 0 },
				"end": { "line": 113, "column": 50 }
			},
			"113": {
				"start": { "line": 114, "column": 0 },
				"end": { "line": 114, "column": 62 }
			},
			"114": {
				"start": { "line": 115, "column": 0 },
				"end": { "line": 115, "column": 0 }
			},
			"115": {
				"start": { "line": 116, "column": 0 },
				"end": { "line": 116, "column": 37 }
			},
			"116": {
				"start": { "line": 117, "column": 0 },
				"end": { "line": 117, "column": 37 }
			},
			"117": {
				"start": { "line": 118, "column": 0 },
				"end": { "line": 118, "column": 52 }
			},
			"118": {
				"start": { "line": 119, "column": 0 },
				"end": { "line": 119, "column": 19 }
			},
			"119": {
				"start": { "line": 120, "column": 0 },
				"end": { "line": 120, "column": 13 }
			},
			"120": {
				"start": { "line": 121, "column": 0 },
				"end": { "line": 121, "column": 7 }
			},
			"121": {
				"start": { "line": 122, "column": 0 },
				"end": { "line": 122, "column": 43 }
			},
			"122": {
				"start": { "line": 123, "column": 0 },
				"end": { "line": 123, "column": 24 }
			},
			"123": {
				"start": { "line": 124, "column": 0 },
				"end": { "line": 124, "column": 27 }
			},
			"124": {
				"start": { "line": 125, "column": 0 },
				"end": { "line": 125, "column": 6 }
			},
			"125": {
				"start": { "line": 126, "column": 0 },
				"end": { "line": 126, "column": 40 }
			},
			"126": {
				"start": { "line": 127, "column": 0 },
				"end": { "line": 127, "column": 3 }
			},
			"127": {
				"start": { "line": 128, "column": 0 },
				"end": { "line": 128, "column": 0 }
			},
			"128": {
				"start": { "line": 129, "column": 0 },
				"end": { "line": 129, "column": 40 }
			},
			"129": {
				"start": { "line": 130, "column": 0 },
				"end": { "line": 130, "column": 47 }
			},
			"130": {
				"start": { "line": 131, "column": 0 },
				"end": { "line": 131, "column": 29 }
			},
			"131": {
				"start": { "line": 132, "column": 0 },
				"end": { "line": 132, "column": 54 }
			},
			"132": {
				"start": { "line": 133, "column": 0 },
				"end": { "line": 133, "column": 29 }
			},
			"133": {
				"start": { "line": 134, "column": 0 },
				"end": { "line": 134, "column": 73 }
			},
			"134": {
				"start": { "line": 135, "column": 0 },
				"end": { "line": 135, "column": 51 }
			},
			"135": {
				"start": { "line": 136, "column": 0 },
				"end": { "line": 136, "column": 0 }
			},
			"136": {
				"start": { "line": 137, "column": 0 },
				"end": { "line": 137, "column": 76 }
			},
			"137": {
				"start": { "line": 138, "column": 0 },
				"end": { "line": 138, "column": 65 }
			},
			"138": {
				"start": { "line": 139, "column": 0 },
				"end": { "line": 139, "column": 0 }
			},
			"139": {
				"start": { "line": 140, "column": 0 },
				"end": { "line": 140, "column": 32 }
			},
			"140": {
				"start": { "line": 141, "column": 0 },
				"end": { "line": 141, "column": 3 }
			},
			"141": {
				"start": { "line": 142, "column": 0 },
				"end": { "line": 142, "column": 15 }
			},
			"142": {
				"start": { "line": 143, "column": 0 },
				"end": { "line": 143, "column": 25 }
			},
			"143": {
				"start": { "line": 144, "column": 0 },
				"end": { "line": 144, "column": 30 }
			},
			"144": {
				"start": { "line": 145, "column": 0 },
				"end": { "line": 145, "column": 17 }
			},
			"145": {
				"start": { "line": 146, "column": 0 },
				"end": { "line": 146, "column": 21 }
			},
			"146": {
				"start": { "line": 147, "column": 0 },
				"end": { "line": 147, "column": 5 }
			},
			"147": {
				"start": { "line": 148, "column": 0 },
				"end": { "line": 148, "column": 65 }
			},
			"148": {
				"start": { "line": 149, "column": 0 },
				"end": { "line": 149, "column": 68 }
			},
			"149": {
				"start": { "line": 150, "column": 0 },
				"end": { "line": 150, "column": 34 }
			},
			"150": {
				"start": { "line": 151, "column": 0 },
				"end": { "line": 151, "column": 37 }
			},
			"151": {
				"start": { "line": 152, "column": 0 },
				"end": { "line": 152, "column": 62 }
			},
			"152": {
				"start": { "line": 153, "column": 0 },
				"end": { "line": 153, "column": 5 }
			},
			"153": {
				"start": { "line": 154, "column": 0 },
				"end": { "line": 154, "column": 70 }
			},
			"154": {
				"start": { "line": 155, "column": 0 },
				"end": { "line": 155, "column": 18 }
			},
			"155": {
				"start": { "line": 156, "column": 0 },
				"end": { "line": 156, "column": 22 }
			},
			"156": {
				"start": { "line": 157, "column": 0 },
				"end": { "line": 157, "column": 66 }
			},
			"157": {
				"start": { "line": 158, "column": 0 },
				"end": { "line": 158, "column": 8 }
			},
			"158": {
				"start": { "line": 159, "column": 0 },
				"end": { "line": 159, "column": 5 }
			},
			"159": {
				"start": { "line": 160, "column": 0 },
				"end": { "line": 160, "column": 72 }
			},
			"160": {
				"start": { "line": 161, "column": 0 },
				"end": { "line": 161, "column": 21 }
			},
			"161": {
				"start": { "line": 162, "column": 0 },
				"end": { "line": 162, "column": 6 }
			},
			"162": {
				"start": { "line": 163, "column": 0 },
				"end": { "line": 163, "column": 26 }
			},
			"163": {
				"start": { "line": 164, "column": 0 },
				"end": { "line": 164, "column": 22 }
			},
			"164": {
				"start": { "line": 165, "column": 0 },
				"end": { "line": 165, "column": 77 }
			},
			"165": {
				"start": { "line": 166, "column": 0 },
				"end": { "line": 166, "column": 8 }
			},
			"166": {
				"start": { "line": 167, "column": 0 },
				"end": { "line": 167, "column": 5 }
			},
			"167": {
				"start": { "line": 168, "column": 0 },
				"end": { "line": 168, "column": 100 }
			},
			"168": {
				"start": { "line": 169, "column": 0 },
				"end": { "line": 169, "column": 45 }
			},
			"169": {
				"start": { "line": 170, "column": 0 },
				"end": { "line": 170, "column": 65 }
			},
			"170": {
				"start": { "line": 171, "column": 0 },
				"end": { "line": 171, "column": 3 }
			},
			"171": {
				"start": { "line": 172, "column": 0 },
				"end": { "line": 172, "column": 0 }
			},
			"172": {
				"start": { "line": 173, "column": 0 },
				"end": { "line": 173, "column": 42 }
			},
			"173": {
				"start": { "line": 174, "column": 0 },
				"end": { "line": 174, "column": 49 }
			},
			"174": {
				"start": { "line": 175, "column": 0 },
				"end": { "line": 175, "column": 29 }
			},
			"175": {
				"start": { "line": 176, "column": 0 },
				"end": { "line": 176, "column": 56 }
			},
			"176": {
				"start": { "line": 177, "column": 0 },
				"end": { "line": 177, "column": 29 }
			},
			"177": {
				"start": { "line": 178, "column": 0 },
				"end": { "line": 178, "column": 73 }
			},
			"178": {
				"start": { "line": 179, "column": 0 },
				"end": { "line": 179, "column": 51 }
			},
			"179": {
				"start": { "line": 180, "column": 0 },
				"end": { "line": 180, "column": 76 }
			},
			"180": {
				"start": { "line": 181, "column": 0 },
				"end": { "line": 181, "column": 67 }
			},
			"181": {
				"start": { "line": 182, "column": 0 },
				"end": { "line": 182, "column": 0 }
			},
			"182": {
				"start": { "line": 183, "column": 0 },
				"end": { "line": 183, "column": 32 }
			},
			"183": {
				"start": { "line": 184, "column": 0 },
				"end": { "line": 184, "column": 3 }
			},
			"184": {
				"start": { "line": 185, "column": 0 },
				"end": { "line": 185, "column": 0 }
			},
			"185": {
				"start": { "line": 186, "column": 0 },
				"end": { "line": 186, "column": 58 }
			},
			"186": {
				"start": { "line": 187, "column": 0 },
				"end": { "line": 187, "column": 14 }
			},
			"187": {
				"start": { "line": 188, "column": 0 },
				"end": { "line": 188, "column": 16 }
			},
			"188": {
				"start": { "line": 189, "column": 0 },
				"end": { "line": 189, "column": 5 }
			},
			"189": {
				"start": { "line": 190, "column": 0 },
				"end": { "line": 190, "column": 40 }
			},
			"190": {
				"start": { "line": 191, "column": 0 },
				"end": { "line": 191, "column": 35 }
			},
			"191": {
				"start": { "line": 192, "column": 0 },
				"end": { "line": 192, "column": 37 }
			},
			"192": {
				"start": { "line": 193, "column": 0 },
				"end": { "line": 193, "column": 44 }
			},
			"193": {
				"start": { "line": 194, "column": 0 },
				"end": { "line": 194, "column": 38 }
			},
			"194": {
				"start": { "line": 195, "column": 0 },
				"end": { "line": 195, "column": 44 }
			},
			"195": {
				"start": { "line": 196, "column": 0 },
				"end": { "line": 196, "column": 37 }
			},
			"196": {
				"start": { "line": 197, "column": 0 },
				"end": { "line": 197, "column": 7 }
			},
			"197": {
				"start": { "line": 198, "column": 0 },
				"end": { "line": 198, "column": 5 }
			},
			"198": {
				"start": { "line": 199, "column": 0 },
				"end": { "line": 199, "column": 0 }
			},
			"199": {
				"start": { "line": 200, "column": 0 },
				"end": { "line": 200, "column": 71 }
			},
			"200": {
				"start": { "line": 201, "column": 0 },
				"end": { "line": 201, "column": 3 }
			},
			"201": {
				"start": { "line": 202, "column": 0 },
				"end": { "line": 202, "column": 1 }
			}
		},
		"s": {
			"0": 1,
			"1": 1,
			"2": 1,
			"3": 1,
			"4": 1,
			"5": 1,
			"6": 1,
			"7": 1,
			"8": 1,
			"9": 1,
			"10": 1,
			"11": 1,
			"12": 1,
			"13": 1,
			"14": 1,
			"15": 1,
			"16": 1,
			"17": 1,
			"18": 1,
			"19": 1,
			"20": 1,
			"21": 1,
			"22": 1,
			"23": 1,
			"24": 1,
			"25": 1,
			"26": 1,
			"27": 1,
			"28": 1,
			"29": 1,
			"30": 1,
			"31": 1,
			"32": 1,
			"33": 1,
			"34": 1,
			"35": 1,
			"36": 1,
			"37": 1,
			"38": 1,
			"39": 1,
			"40": 1,
			"41": 1,
			"42": 1,
			"43": 1,
			"44": 1,
			"45": 1,
			"46": 1,
			"47": 1,
			"48": 1,
			"49": 1,
			"50": 1,
			"51": 1,
			"52": 1,
			"53": 1,
			"54": 1,
			"55": 1,
			"56": 4,
			"57": 4,
			"58": 4,
			"59": 4,
			"60": 4,
			"61": 4,
			"62": 4,
			"63": 0,
			"64": 0,
			"65": 4,
			"66": 0,
			"67": 0,
			"68": 0,
			"69": 0,
			"70": 4,
			"71": 4,
			"72": 4,
			"73": 4,
			"74": 4,
			"75": 4,
			"76": 4,
			"77": 4,
			"78": 4,
			"79": 4,
			"80": 4,
			"81": 4,
			"82": 4,
			"83": 4,
			"84": 4,
			"85": 4,
			"86": 4,
			"87": 4,
			"88": 4,
			"89": 4,
			"90": 4,
			"91": 4,
			"92": 4,
			"93": 1,
			"94": 1,
			"95": 1,
			"96": 1,
			"97": 1,
			"98": 1,
			"99": 1,
			"100": 1,
			"101": 2,
			"102": 2,
			"103": 2,
			"104": 2,
			"105": 2,
			"106": 2,
			"107": 2,
			"108": 2,
			"109": 2,
			"110": 2,
			"111": 2,
			"112": 2,
			"113": 0,
			"114": 2,
			"115": 2,
			"116": 2,
			"117": 2,
			"118": 2,
			"119": 2,
			"120": 2,
			"121": 2,
			"122": 2,
			"123": 2,
			"124": 2,
			"125": 2,
			"126": 2,
			"127": 1,
			"128": 1,
			"129": 1,
			"130": 1,
			"131": 1,
			"132": 1,
			"133": 1,
			"134": 1,
			"135": 1,
			"136": 1,
			"137": 1,
			"138": 1,
			"139": 1,
			"140": 1,
			"141": 1,
			"142": 2,
			"143": 2,
			"144": 2,
			"145": 2,
			"146": 2,
			"147": 2,
			"148": 2,
			"149": 2,
			"150": 2,
			"151": 0,
			"152": 0,
			"153": 2,
			"154": 2,
			"155": 0,
			"156": 0,
			"157": 0,
			"158": 0,
			"159": 2,
			"160": 2,
			"161": 2,
			"162": 2,
			"163": 0,
			"164": 0,
			"165": 0,
			"166": 0,
			"167": 2,
			"168": 2,
			"169": 2,
			"170": 2,
			"171": 1,
			"172": 1,
			"173": 1,
			"174": 1,
			"175": 1,
			"176": 1,
			"177": 1,
			"178": 1,
			"179": 1,
			"180": 1,
			"181": 1,
			"182": 1,
			"183": 1,
			"184": 1,
			"185": 1,
			"186": 6,
			"187": 6,
			"188": 6,
			"189": 6,
			"190": 6,
			"191": 0,
			"192": 6,
			"193": 0,
			"194": 6,
			"195": 6,
			"196": 6,
			"197": 6,
			"198": 0,
			"199": 0,
			"200": 6,
			"201": 1
		},
		"branchMap": {
			"0": {
				"type": "branch",
				"line": 33,
				"loc": {
					"start": { "line": 33, "column": 7 },
					"end": { "line": 202, "column": 1 }
				},
				"locations": [
					{
						"start": { "line": 33, "column": 7 },
						"end": { "line": 202, "column": 1 }
					}
				]
			},
			"1": {
				"type": "branch",
				"line": 36,
				"loc": {
					"start": { "line": 36, "column": 2 },
					"end": { "line": 36, "column": 57 }
				},
				"locations": [
					{
						"start": { "line": 36, "column": 2 },
						"end": { "line": 36, "column": 57 }
					}
				]
			},
			"2": {
				"type": "branch",
				"line": 56,
				"loc": {
					"start": { "line": 56, "column": 2 },
					"end": { "line": 93, "column": 3 }
				},
				"locations": [
					{
						"start": { "line": 56, "column": 2 },
						"end": { "line": 93, "column": 3 }
					}
				]
			},
			"3": {
				"type": "branch",
				"line": 63,
				"loc": {
					"start": { "line": 63, "column": 17 },
					"end": { "line": 65, "column": 5 }
				},
				"locations": [
					{
						"start": { "line": 63, "column": 17 },
						"end": { "line": 65, "column": 5 }
					}
				]
			},
			"4": {
				"type": "branch",
				"line": 66,
				"loc": {
					"start": { "line": 66, "column": 40 },
					"end": { "line": 70, "column": 5 }
				},
				"locations": [
					{
						"start": { "line": 66, "column": 40 },
						"end": { "line": 70, "column": 5 }
					}
				]
			},
			"5": {
				"type": "branch",
				"line": 77,
				"loc": {
					"start": { "line": 77, "column": 27 },
					"end": { "line": 78, "column": 62 }
				},
				"locations": [
					{
						"start": { "line": 77, "column": 27 },
						"end": { "line": 78, "column": 62 }
					}
				]
			},
			"6": {
				"type": "branch",
				"line": 101,
				"loc": {
					"start": { "line": 101, "column": 2 },
					"end": { "line": 127, "column": 3 }
				},
				"locations": [
					{
						"start": { "line": 101, "column": 2 },
						"end": { "line": 127, "column": 3 }
					}
				]
			},
			"7": {
				"type": "branch",
				"line": 129,
				"loc": {
					"start": { "line": 129, "column": 2 },
					"end": { "line": 141, "column": 3 }
				},
				"locations": [
					{
						"start": { "line": 129, "column": 2 },
						"end": { "line": 141, "column": 3 }
					}
				]
			},
			"8": {
				"type": "branch",
				"line": 134,
				"loc": {
					"start": { "line": 134, "column": 31 },
					"end": { "line": 135, "column": 51 }
				},
				"locations": [
					{
						"start": { "line": 134, "column": 31 },
						"end": { "line": 135, "column": 51 }
					}
				]
			},
			"9": {
				"type": "branch",
				"line": 142,
				"loc": {
					"start": { "line": 142, "column": 2 },
					"end": { "line": 171, "column": 3 }
				},
				"locations": [
					{
						"start": { "line": 142, "column": 2 },
						"end": { "line": 171, "column": 3 }
					}
				]
			},
			"10": {
				"type": "branch",
				"line": 151,
				"loc": {
					"start": { "line": 151, "column": 36 },
					"end": { "line": 153, "column": 5 }
				},
				"locations": [
					{
						"start": { "line": 151, "column": 36 },
						"end": { "line": 153, "column": 5 }
					}
				]
			},
			"11": {
				"type": "branch",
				"line": 155,
				"loc": {
					"start": { "line": 155, "column": 17 },
					"end": { "line": 159, "column": 5 }
				},
				"locations": [
					{
						"start": { "line": 155, "column": 17 },
						"end": { "line": 159, "column": 5 }
					}
				]
			},
			"12": {
				"type": "branch",
				"line": 163,
				"loc": {
					"start": { "line": 163, "column": 25 },
					"end": { "line": 167, "column": 5 }
				},
				"locations": [
					{
						"start": { "line": 163, "column": 25 },
						"end": { "line": 167, "column": 5 }
					}
				]
			},
			"13": {
				"type": "branch",
				"line": 161,
				"loc": {
					"start": { "line": 161, "column": 6 },
					"end": { "line": 161, "column": 21 }
				},
				"locations": [
					{
						"start": { "line": 161, "column": 6 },
						"end": { "line": 161, "column": 21 }
					}
				]
			},
			"14": {
				"type": "branch",
				"line": 173,
				"loc": {
					"start": { "line": 173, "column": 2 },
					"end": { "line": 184, "column": 3 }
				},
				"locations": [
					{
						"start": { "line": 173, "column": 2 },
						"end": { "line": 184, "column": 3 }
					}
				]
			},
			"15": {
				"type": "branch",
				"line": 178,
				"loc": {
					"start": { "line": 178, "column": 31 },
					"end": { "line": 179, "column": 51 }
				},
				"locations": [
					{
						"start": { "line": 178, "column": 31 },
						"end": { "line": 179, "column": 51 }
					}
				]
			},
			"16": {
				"type": "branch",
				"line": 186,
				"loc": {
					"start": { "line": 186, "column": 17 },
					"end": { "line": 201, "column": 3 }
				},
				"locations": [
					{
						"start": { "line": 186, "column": 17 },
						"end": { "line": 201, "column": 3 }
					}
				]
			},
			"17": {
				"type": "branch",
				"line": 191,
				"loc": {
					"start": { "line": 191, "column": 34 },
					"end": { "line": 193, "column": 17 }
				},
				"locations": [
					{
						"start": { "line": 191, "column": 34 },
						"end": { "line": 193, "column": 17 }
					}
				]
			},
			"18": {
				"type": "branch",
				"line": 193,
				"loc": {
					"start": { "line": 193, "column": 43 },
					"end": { "line": 195, "column": 17 }
				},
				"locations": [
					{
						"start": { "line": 193, "column": 43 },
						"end": { "line": 195, "column": 17 }
					}
				]
			},
			"19": {
				"type": "branch",
				"line": 198,
				"loc": {
					"start": { "line": 198, "column": 4 },
					"end": { "line": 200, "column": 71 }
				},
				"locations": [
					{
						"start": { "line": 198, "column": 4 },
						"end": { "line": 200, "column": 71 }
					}
				]
			}
		},
		"b": {
			"0": [1],
			"1": [1],
			"2": [4],
			"3": [0],
			"4": [0],
			"5": [4],
			"6": [2],
			"7": [1],
			"8": [1],
			"9": [2],
			"10": [0],
			"11": [0],
			"12": [0],
			"13": [2],
			"14": [1],
			"15": [1],
			"16": [6],
			"17": [0],
			"18": [0],
			"19": [0]
		},
		"fnMap": {
			"0": {
				"name": "<instance_members_initializer>",
				"decl": {
					"start": { "line": 33, "column": 7 },
					"end": { "line": 202, "column": 1 }
				},
				"loc": {
					"start": { "line": 33, "column": 7 },
					"end": { "line": 202, "column": 1 }
				},
				"line": 33
			},
			"1": {
				"name": "SDJwtPlugin",
				"decl": {
					"start": { "line": 36, "column": 2 },
					"end": { "line": 36, "column": 57 }
				},
				"loc": {
					"start": { "line": 36, "column": 2 },
					"end": { "line": 36, "column": 57 }
				},
				"line": 36
			},
			"2": {
				"name": "createVerifiableCredentialSDJwt",
				"decl": {
					"start": { "line": 56, "column": 2 },
					"end": { "line": 93, "column": 3 }
				},
				"loc": {
					"start": { "line": 56, "column": 2 },
					"end": { "line": 93, "column": 3 }
				},
				"line": 56
			},
			"3": {
				"name": "signer",
				"decl": {
					"start": { "line": 77, "column": 27 },
					"end": { "line": 78, "column": 62 }
				},
				"loc": {
					"start": { "line": 77, "column": 27 },
					"end": { "line": 78, "column": 62 }
				},
				"line": 77
			},
			"4": {
				"name": "createVerifiablePresentationSDJwt",
				"decl": {
					"start": { "line": 101, "column": 2 },
					"end": { "line": 127, "column": 3 }
				},
				"loc": {
					"start": { "line": 101, "column": 2 },
					"end": { "line": 127, "column": 3 }
				},
				"line": 101
			},
			"5": {
				"name": "signer",
				"decl": {
					"start": { "line": 113, "column": 27 },
					"end": { "line": 114, "column": 62 }
				},
				"loc": {
					"start": { "line": 113, "column": 27 },
					"end": { "line": 114, "column": 62 }
				},
				"line": 113
			},
			"6": {
				"name": "verifyVerifiableCredentialSDJwt",
				"decl": {
					"start": { "line": 129, "column": 2 },
					"end": { "line": 141, "column": 3 }
				},
				"loc": {
					"start": { "line": 129, "column": 2 },
					"end": { "line": 141, "column": 3 }
				},
				"line": 129
			},
			"7": {
				"name": "verifier",
				"decl": {
					"start": { "line": 134, "column": 31 },
					"end": { "line": 135, "column": 51 }
				},
				"loc": {
					"start": { "line": 134, "column": 31 },
					"end": { "line": 135, "column": 51 }
				},
				"line": 134
			},
			"8": {
				"name": "verify",
				"decl": {
					"start": { "line": 142, "column": 2 },
					"end": { "line": 171, "column": 3 }
				},
				"loc": {
					"start": { "line": 142, "column": 2 },
					"end": { "line": 171, "column": 3 }
				},
				"line": 142
			},
			"9": {
				"name": "verifyVerifiablePresentationSDJwt",
				"decl": {
					"start": { "line": 173, "column": 2 },
					"end": { "line": 184, "column": 3 }
				},
				"loc": {
					"start": { "line": 173, "column": 2 },
					"end": { "line": 184, "column": 3 }
				},
				"line": 173
			},
			"10": {
				"name": "verifier",
				"decl": {
					"start": { "line": 178, "column": 31 },
					"end": { "line": 179, "column": 51 }
				},
				"loc": {
					"start": { "line": 178, "column": 31 },
					"end": { "line": 179, "column": 51 }
				},
				"line": 178
			},
			"11": {
				"name": "getSigningKey",
				"decl": {
					"start": { "line": 186, "column": 17 },
					"end": { "line": 201, "column": 3 }
				},
				"loc": {
					"start": { "line": 186, "column": 17 },
					"end": { "line": 201, "column": 3 }
				},
				"line": 186
			}
		},
		"f": {
			"0": 1,
			"1": 1,
			"2": 4,
			"3": 4,
			"4": 2,
			"5": 0,
			"6": 1,
			"7": 1,
			"8": 2,
			"9": 1,
			"10": 1,
			"11": 6
		}
	},
	"C:\\Users\\mollik\\Projects\\sd-jwt-veramo\\src\\types\\ISDJwtPlugin.ts": {
		"path": "C:\\Users\\mollik\\Projects\\sd-jwt-veramo\\src\\types\\ISDJwtPlugin.ts",
		"all": false,
		"statementMap": {
			"0": {
				"start": { "line": 1, "column": 0 },
				"end": { "line": 1, "column": 8 }
			},
			"1": {
				"start": { "line": 2, "column": 0 },
				"end": { "line": 2, "column": 20 }
			},
			"2": {
				"start": { "line": 3, "column": 0 },
				"end": { "line": 3, "column": 16 }
			},
			"3": {
				"start": { "line": 4, "column": 0 },
				"end": { "line": 4, "column": 14 }
			},
			"4": {
				"start": { "line": 5, "column": 0 },
				"end": { "line": 5, "column": 14 }
			},
			"5": {
				"start": { "line": 6, "column": 0 },
				"end": { "line": 6, "column": 19 }
			},
			"6": {
				"start": { "line": 7, "column": 0 },
				"end": { "line": 7, "column": 12 }
			},
			"7": {
				"start": { "line": 8, "column": 0 },
				"end": { "line": 8, "column": 22 }
			},
			"8": {
				"start": { "line": 9, "column": 0 },
				"end": { "line": 9, "column": 28 }
			},
			"9": {
				"start": { "line": 10, "column": 0 },
				"end": { "line": 10, "column": 0 }
			},
			"10": {
				"start": { "line": 11, "column": 0 },
				"end": { "line": 11, "column": 3 }
			},
			"11": {
				"start": { "line": 12, "column": 0 },
				"end": { "line": 12, "column": 31 }
			},
			"12": {
				"start": { "line": 13, "column": 0 },
				"end": { "line": 13, "column": 2 }
			},
			"13": {
				"start": { "line": 14, "column": 0 },
				"end": { "line": 14, "column": 64 }
			},
			"14": {
				"start": { "line": 15, "column": 0 },
				"end": { "line": 15, "column": 113 }
			},
			"15": {
				"start": { "line": 16, "column": 0 },
				"end": { "line": 16, "column": 112 }
			},
			"16": {
				"start": { "line": 17, "column": 0 },
				"end": { "line": 17, "column": 38 }
			},
			"17": {
				"start": { "line": 18, "column": 0 },
				"end": { "line": 18, "column": 2 }
			},
			"18": {
				"start": { "line": 19, "column": 0 },
				"end": { "line": 19, "column": 107 }
			},
			"19": {
				"start": { "line": 20, "column": 0 },
				"end": { "line": 20, "column": 11 }
			},
			"20": {
				"start": { "line": 21, "column": 0 },
				"end": { "line": 21, "column": 6 }
			},
			"21": {
				"start": { "line": 22, "column": 0 },
				"end": { "line": 22, "column": 14 }
			},
			"22": {
				"start": { "line": 23, "column": 0 },
				"end": { "line": 23, "column": 27 }
			},
			"23": {
				"start": { "line": 24, "column": 0 },
				"end": { "line": 24, "column": 57 }
			},
			"24": {
				"start": { "line": 25, "column": 0 },
				"end": { "line": 25, "column": 7 }
			},
			"25": {
				"start": { "line": 26, "column": 0 },
				"end": { "line": 26, "column": 6 }
			},
			"26": {
				"start": { "line": 27, "column": 0 },
				"end": { "line": 27, "column": 6 }
			},
			"27": {
				"start": { "line": 28, "column": 0 },
				"end": { "line": 28, "column": 2 }
			},
			"28": {
				"start": { "line": 29, "column": 0 },
				"end": { "line": 29, "column": 8 }
			},
			"29": {
				"start": { "line": 30, "column": 0 },
				"end": { "line": 30, "column": 3 }
			},
			"30": {
				"start": { "line": 31, "column": 0 },
				"end": { "line": 31, "column": 56 }
			},
			"31": {
				"start": { "line": 32, "column": 0 },
				"end": { "line": 32, "column": 5 }
			},
			"32": {
				"start": { "line": 33, "column": 0 },
				"end": { "line": 33, "column": 35 }
			},
			"33": {
				"start": { "line": 34, "column": 0 },
				"end": { "line": 34, "column": 4 }
			},
			"34": {
				"start": { "line": 35, "column": 0 },
				"end": { "line": 35, "column": 51 }
			},
			"35": {
				"start": { "line": 36, "column": 0 },
				"end": { "line": 36, "column": 69 }
			},
			"36": {
				"start": { "line": 37, "column": 0 },
				"end": { "line": 37, "column": 83 }
			},
			"37": {
				"start": { "line": 38, "column": 0 },
				"end": { "line": 38, "column": 57 }
			},
			"38": {
				"start": { "line": 39, "column": 0 },
				"end": { "line": 39, "column": 5 }
			},
			"39": {
				"start": { "line": 40, "column": 0 },
				"end": { "line": 40, "column": 5 }
			},
			"40": {
				"start": { "line": 41, "column": 0 },
				"end": { "line": 41, "column": 39 }
			},
			"41": {
				"start": { "line": 42, "column": 0 },
				"end": { "line": 42, "column": 79 }
			},
			"42": {
				"start": { "line": 43, "column": 0 },
				"end": { "line": 43, "column": 112 }
			},
			"43": {
				"start": { "line": 44, "column": 0 },
				"end": { "line": 44, "column": 5 }
			},
			"44": {
				"start": { "line": 45, "column": 0 },
				"end": { "line": 45, "column": 34 }
			},
			"45": {
				"start": { "line": 46, "column": 0 },
				"end": { "line": 46, "column": 47 }
			},
			"46": {
				"start": { "line": 47, "column": 0 },
				"end": { "line": 47, "column": 29 }
			},
			"47": {
				"start": { "line": 48, "column": 0 },
				"end": { "line": 48, "column": 53 }
			},
			"48": {
				"start": { "line": 49, "column": 0 },
				"end": { "line": 49, "column": 0 }
			},
			"49": {
				"start": { "line": 50, "column": 0 },
				"end": { "line": 50, "column": 5 }
			},
			"50": {
				"start": { "line": 51, "column": 0 },
				"end": { "line": 51, "column": 41 }
			},
			"51": {
				"start": { "line": 52, "column": 0 },
				"end": { "line": 52, "column": 81 }
			},
			"52": {
				"start": { "line": 53, "column": 0 },
				"end": { "line": 53, "column": 112 }
			},
			"53": {
				"start": { "line": 54, "column": 0 },
				"end": { "line": 54, "column": 5 }
			},
			"54": {
				"start": { "line": 55, "column": 0 },
				"end": { "line": 55, "column": 36 }
			},
			"55": {
				"start": { "line": 56, "column": 0 },
				"end": { "line": 56, "column": 49 }
			},
			"56": {
				"start": { "line": 57, "column": 0 },
				"end": { "line": 57, "column": 29 }
			},
			"57": {
				"start": { "line": 58, "column": 0 },
				"end": { "line": 58, "column": 55 }
			},
			"58": {
				"start": { "line": 59, "column": 0 },
				"end": { "line": 59, "column": 0 }
			},
			"59": {
				"start": { "line": 60, "column": 0 },
				"end": { "line": 60, "column": 5 }
			},
			"60": {
				"start": { "line": 61, "column": 0 },
				"end": { "line": 61, "column": 39 }
			},
			"61": {
				"start": { "line": 62, "column": 0 },
				"end": { "line": 62, "column": 83 }
			},
			"62": {
				"start": { "line": 63, "column": 0 },
				"end": { "line": 63, "column": 112 }
			},
			"63": {
				"start": { "line": 64, "column": 0 },
				"end": { "line": 64, "column": 5 }
			},
			"64": {
				"start": { "line": 65, "column": 0 },
				"end": { "line": 65, "column": 34 }
			},
			"65": {
				"start": { "line": 66, "column": 0 },
				"end": { "line": 66, "column": 47 }
			},
			"66": {
				"start": { "line": 67, "column": 0 },
				"end": { "line": 67, "column": 29 }
			},
			"67": {
				"start": { "line": 68, "column": 0 },
				"end": { "line": 68, "column": 53 }
			},
			"68": {
				"start": { "line": 69, "column": 0 },
				"end": { "line": 69, "column": 0 }
			},
			"69": {
				"start": { "line": 70, "column": 0 },
				"end": { "line": 70, "column": 5 }
			},
			"70": {
				"start": { "line": 71, "column": 0 },
				"end": { "line": 71, "column": 41 }
			},
			"71": {
				"start": { "line": 72, "column": 0 },
				"end": { "line": 72, "column": 85 }
			},
			"72": {
				"start": { "line": 73, "column": 0 },
				"end": { "line": 73, "column": 112 }
			},
			"73": {
				"start": { "line": 74, "column": 0 },
				"end": { "line": 74, "column": 5 }
			},
			"74": {
				"start": { "line": 75, "column": 0 },
				"end": { "line": 75, "column": 36 }
			},
			"75": {
				"start": { "line": 76, "column": 0 },
				"end": { "line": 76, "column": 49 }
			},
			"76": {
				"start": { "line": 77, "column": 0 },
				"end": { "line": 77, "column": 29 }
			},
			"77": {
				"start": { "line": 78, "column": 0 },
				"end": { "line": 78, "column": 55 }
			},
			"78": {
				"start": { "line": 79, "column": 0 },
				"end": { "line": 79, "column": 1 }
			},
			"79": {
				"start": { "line": 80, "column": 0 },
				"end": { "line": 80, "column": 0 }
			},
			"80": {
				"start": { "line": 81, "column": 0 },
				"end": { "line": 81, "column": 3 }
			},
			"81": {
				"start": { "line": 82, "column": 0 },
				"end": { "line": 82, "column": 39 }
			},
			"82": {
				"start": { "line": 83, "column": 0 },
				"end": { "line": 83, "column": 2 }
			},
			"83": {
				"start": { "line": 84, "column": 0 },
				"end": { "line": 84, "column": 8 }
			},
			"84": {
				"start": { "line": 85, "column": 0 },
				"end": { "line": 85, "column": 3 }
			},
			"85": {
				"start": { "line": 86, "column": 0 },
				"end": { "line": 86, "column": 55 }
			},
			"86": {
				"start": { "line": 87, "column": 0 },
				"end": { "line": 87, "column": 39 }
			},
			"87": {
				"start": { "line": 88, "column": 0 },
				"end": { "line": 88, "column": 0 }
			},
			"88": {
				"start": { "line": 89, "column": 0 },
				"end": { "line": 89, "column": 24 }
			},
			"89": {
				"start": { "line": 90, "column": 0 },
				"end": { "line": 90, "column": 1 }
			},
			"90": {
				"start": { "line": 91, "column": 0 },
				"end": { "line": 91, "column": 0 }
			},
			"91": {
				"start": { "line": 92, "column": 0 },
				"end": { "line": 92, "column": 3 }
			},
			"92": {
				"start": { "line": 93, "column": 0 },
				"end": { "line": 93, "column": 41 }
			},
			"93": {
				"start": { "line": 94, "column": 0 },
				"end": { "line": 94, "column": 2 }
			},
			"94": {
				"start": { "line": 95, "column": 0 },
				"end": { "line": 95, "column": 8 }
			},
			"95": {
				"start": { "line": 96, "column": 0 },
				"end": { "line": 96, "column": 3 }
			},
			"96": {
				"start": { "line": 97, "column": 0 },
				"end": { "line": 97, "column": 57 }
			},
			"97": {
				"start": { "line": 98, "column": 0 },
				"end": { "line": 98, "column": 21 }
			},
			"98": {
				"start": { "line": 99, "column": 0 },
				"end": { "line": 99, "column": 1 }
			},
			"99": {
				"start": { "line": 100, "column": 0 },
				"end": { "line": 100, "column": 0 }
			},
			"100": {
				"start": { "line": 101, "column": 0 },
				"end": { "line": 101, "column": 3 }
			},
			"101": {
				"start": { "line": 102, "column": 0 },
				"end": { "line": 102, "column": 8 }
			},
			"102": {
				"start": { "line": 103, "column": 0 },
				"end": { "line": 103, "column": 3 }
			},
			"103": {
				"start": { "line": 104, "column": 0 },
				"end": { "line": 104, "column": 57 }
			},
			"104": {
				"start": { "line": 105, "column": 0 },
				"end": { "line": 105, "column": 23 }
			},
			"105": {
				"start": { "line": 106, "column": 0 },
				"end": { "line": 106, "column": 0 }
			},
			"106": {
				"start": { "line": 107, "column": 0 },
				"end": { "line": 107, "column": 4 }
			},
			"107": {
				"start": { "line": 108, "column": 0 },
				"end": { "line": 108, "column": 62 }
			},
			"108": {
				"start": { "line": 109, "column": 0 },
				"end": { "line": 109, "column": 48 }
			},
			"109": {
				"start": { "line": 110, "column": 0 },
				"end": { "line": 110, "column": 46 }
			},
			"110": {
				"start": { "line": 111, "column": 0 },
				"end": { "line": 111, "column": 5 }
			},
			"111": {
				"start": { "line": 112, "column": 0 },
				"end": { "line": 112, "column": 30 }
			},
			"112": {
				"start": { "line": 113, "column": 0 },
				"end": { "line": 113, "column": 1 }
			},
			"113": {
				"start": { "line": 114, "column": 0 },
				"end": { "line": 114, "column": 0 }
			},
			"114": {
				"start": { "line": 115, "column": 0 },
				"end": { "line": 115, "column": 3 }
			},
			"115": {
				"start": { "line": 116, "column": 0 },
				"end": { "line": 116, "column": 8 }
			},
			"116": {
				"start": { "line": 117, "column": 0 },
				"end": { "line": 117, "column": 3 }
			},
			"117": {
				"start": { "line": 118, "column": 0 },
				"end": { "line": 118, "column": 59 }
			},
			"118": {
				"start": { "line": 119, "column": 0 },
				"end": { "line": 119, "column": 23 }
			},
			"119": {
				"start": { "line": 120, "column": 0 },
				"end": { "line": 120, "column": 1 }
			},
			"120": {
				"start": { "line": 121, "column": 0 },
				"end": { "line": 121, "column": 0 }
			},
			"121": {
				"start": { "line": 122, "column": 0 },
				"end": { "line": 122, "column": 3 }
			},
			"122": {
				"start": { "line": 123, "column": 0 },
				"end": { "line": 123, "column": 8 }
			},
			"123": {
				"start": { "line": 124, "column": 0 },
				"end": { "line": 124, "column": 3 }
			},
			"124": {
				"start": { "line": 125, "column": 0 },
				"end": { "line": 125, "column": 55 }
			},
			"125": {
				"start": { "line": 126, "column": 0 },
				"end": { "line": 126, "column": 21 }
			},
			"126": {
				"start": { "line": 127, "column": 0 },
				"end": { "line": 127, "column": 1 }
			},
			"127": {
				"start": { "line": 128, "column": 0 },
				"end": { "line": 128, "column": 0 }
			},
			"128": {
				"start": { "line": 129, "column": 0 },
				"end": { "line": 129, "column": 3 }
			},
			"129": {
				"start": { "line": 130, "column": 0 },
				"end": { "line": 130, "column": 8 }
			},
			"130": {
				"start": { "line": 131, "column": 0 },
				"end": { "line": 131, "column": 3 }
			},
			"131": {
				"start": { "line": 132, "column": 0 },
				"end": { "line": 132, "column": 56 }
			},
			"132": {
				"start": { "line": 133, "column": 0 },
				"end": { "line": 133, "column": 0 }
			},
			"133": {
				"start": { "line": 134, "column": 0 },
				"end": { "line": 134, "column": 3 }
			},
			"134": {
				"start": { "line": 135, "column": 0 },
				"end": { "line": 135, "column": 8 }
			},
			"135": {
				"start": { "line": 136, "column": 0 },
				"end": { "line": 136, "column": 3 }
			},
			"136": {
				"start": { "line": 137, "column": 0 },
				"end": { "line": 137, "column": 57 }
			},
			"137": {
				"start": { "line": 138, "column": 0 },
				"end": { "line": 138, "column": 23 }
			},
			"138": {
				"start": { "line": 139, "column": 0 },
				"end": { "line": 139, "column": 0 }
			},
			"139": {
				"start": { "line": 140, "column": 0 },
				"end": { "line": 140, "column": 31 }
			},
			"140": {
				"start": { "line": 141, "column": 0 },
				"end": { "line": 141, "column": 1 }
			},
			"141": {
				"start": { "line": 142, "column": 0 },
				"end": { "line": 142, "column": 0 }
			},
			"142": {
				"start": { "line": 143, "column": 0 },
				"end": { "line": 143, "column": 3 }
			},
			"143": {
				"start": { "line": 144, "column": 0 },
				"end": { "line": 144, "column": 8 }
			},
			"144": {
				"start": { "line": 145, "column": 0 },
				"end": { "line": 145, "column": 3 }
			},
			"145": {
				"start": { "line": 146, "column": 0 },
				"end": { "line": 146, "column": 56 }
			},
			"146": {
				"start": { "line": 147, "column": 0 },
				"end": { "line": 147, "column": 24 }
			},
			"147": {
				"start": { "line": 148, "column": 0 },
				"end": { "line": 148, "column": 2 }
			},
			"148": {
				"start": { "line": 149, "column": 0 },
				"end": { "line": 149, "column": 0 }
			},
			"149": {
				"start": { "line": 150, "column": 0 },
				"end": { "line": 150, "column": 3 }
			},
			"150": {
				"start": { "line": 151, "column": 0 },
				"end": { "line": 151, "column": 58 }
			},
			"151": {
				"start": { "line": 152, "column": 0 },
				"end": { "line": 152, "column": 112 }
			},
			"152": {
				"start": { "line": 153, "column": 0 },
				"end": { "line": 153, "column": 28 }
			},
			"153": {
				"start": { "line": 154, "column": 0 },
				"end": { "line": 154, "column": 117 }
			},
			"154": {
				"start": { "line": 155, "column": 0 },
				"end": { "line": 155, "column": 2 }
			},
			"155": {
				"start": { "line": 156, "column": 0 },
				"end": { "line": 156, "column": 8 }
			},
			"156": {
				"start": { "line": 157, "column": 0 },
				"end": { "line": 157, "column": 3 }
			},
			"157": {
				"start": { "line": 158, "column": 0 },
				"end": { "line": 158, "column": 45 }
			},
			"158": {
				"start": { "line": 159, "column": 0 },
				"end": { "line": 159, "column": 39 }
			},
			"159": {
				"start": { "line": 160, "column": 0 },
				"end": { "line": 160, "column": 2 }
			}
		},
		"s": {
			"0": 1,
			"1": 1,
			"2": 1,
			"3": 1,
			"4": 1,
			"5": 1,
			"6": 1,
			"7": 1,
			"8": 1,
			"9": 1,
			"10": 1,
			"11": 1,
			"12": 1,
			"13": 1,
			"14": 1,
			"15": 1,
			"16": 1,
			"17": 1,
			"18": 1,
			"19": 1,
			"20": 1,
			"21": 1,
			"22": 1,
			"23": 1,
			"24": 1,
			"25": 1,
			"26": 1,
			"27": 1,
			"28": 1,
			"29": 1,
			"30": 1,
			"31": 1,
			"32": 1,
			"33": 1,
			"34": 1,
			"35": 1,
			"36": 1,
			"37": 1,
			"38": 1,
			"39": 1,
			"40": 1,
			"41": 1,
			"42": 1,
			"43": 1,
			"44": 1,
			"45": 1,
			"46": 1,
			"47": 1,
			"48": 1,
			"49": 1,
			"50": 1,
			"51": 1,
			"52": 1,
			"53": 1,
			"54": 1,
			"55": 1,
			"56": 1,
			"57": 1,
			"58": 1,
			"59": 1,
			"60": 1,
			"61": 1,
			"62": 1,
			"63": 1,
			"64": 1,
			"65": 1,
			"66": 1,
			"67": 1,
			"68": 1,
			"69": 1,
			"70": 1,
			"71": 1,
			"72": 1,
			"73": 1,
			"74": 1,
			"75": 1,
			"76": 1,
			"77": 1,
			"78": 1,
			"79": 1,
			"80": 1,
			"81": 1,
			"82": 1,
			"83": 1,
			"84": 1,
			"85": 1,
			"86": 1,
			"87": 1,
			"88": 1,
			"89": 1,
			"90": 1,
			"91": 1,
			"92": 1,
			"93": 1,
			"94": 1,
			"95": 1,
			"96": 1,
			"97": 1,
			"98": 1,
			"99": 1,
			"100": 1,
			"101": 1,
			"102": 1,
			"103": 1,
			"104": 1,
			"105": 1,
			"106": 1,
			"107": 1,
			"108": 1,
			"109": 1,
			"110": 1,
			"111": 1,
			"112": 1,
			"113": 1,
			"114": 1,
			"115": 1,
			"116": 1,
			"117": 1,
			"118": 1,
			"119": 1,
			"120": 1,
			"121": 1,
			"122": 1,
			"123": 1,
			"124": 1,
			"125": 1,
			"126": 1,
			"127": 1,
			"128": 1,
			"129": 1,
			"130": 1,
			"131": 1,
			"132": 1,
			"133": 1,
			"134": 1,
			"135": 1,
			"136": 1,
			"137": 1,
			"138": 1,
			"139": 1,
			"140": 1,
			"141": 1,
			"142": 1,
			"143": 1,
			"144": 1,
			"145": 1,
			"146": 1,
			"147": 1,
			"148": 1,
			"149": 1,
			"150": 1,
			"151": 1,
			"152": 1,
			"153": 1,
			"154": 1,
			"155": 1,
			"156": 1,
			"157": 1,
			"158": 1,
			"159": 1
		},
		"branchMap": {},
		"b": {},
		"fnMap": {},
		"f": {}
	}
}
